# JRE version: OpenJDK Runtime Environment (8.0_131-b11) (build 1.8.0_131-8u131-b11-0ubuntu1.16.04.2-b11)
# Java VM: OpenJDK 64-Bit Server VM (25.131-b11 mixed mode linux-amd64 compressed oops)
Heap:
 par new generation   total 39296K, used 33467K [0x00000000d1200000, 0x00000000d3ca0000, 0x00000000e0c00000)
  eden space 34944K,  83% used [0x00000000d1200000, 0x00000000d2e6eef0, 0x00000000d3420000)
  from space 4352K, 100% used [0x00000000d3860000, 0x00000000d3ca0000, 0x00000000d3ca0000)
  to   space 4352K,   0% used [0x00000000d3420000, 0x00000000d3420000, 0x00000000d3860000)
 concurrent mark-sweep generation total 245268K, used 185667K [0x00000000e0c00000, 0x00000000efb85000, 0x0000000100000000)
 Metaspace       used 254333K, capacity 261972K, committed 263484K, reserved 1273856K
  class space    used 37038K, capacity 39300K, committed 39604K, reserved 1048576K
GC Heap History (10 events):
Event: 16113.700 GC heap before
{Heap before GC invocations=3110 (full 34):
 par new generation   total 39296K, used 39296K [0x00000000d1200000, 0x00000000d3ca0000, 0x00000000e0c00000)
  eden space 34944K, 100% used [0x00000000d1200000, 0x00000000d3420000, 0x00000000d3420000)
  from space 4352K, 100% used [0x00000000d3420000, 0x00000000d3860000, 0x00000000d3860000)
  to   space 4352K,   0% used [0x00000000d3860000, 0x00000000d3860000, 0x00000000d3ca0000)
 concurrent mark-sweep generation total 245268K, used 182005K [0x00000000e0c00000, 0x00000000efb85000, 0x0000000100000000)
 Metaspace       used 253890K, capacity 261008K, committed 263228K, reserved 1273856K
  class space    used 36955K, capacity 39150K, committed 39604K, reserved 1048576K
Event: 16113.715 GC heap after
Heap after GC invocations=3111 (full 34):
 par new generation   total 39296K, used 3495K [0x00000000d1200000, 0x00000000d3ca0000, 0x00000000e0c00000)
  eden space 34944K,   0% used [0x00000000d1200000, 0x00000000d1200000, 0x00000000d3420000)
  from space 4352K,  80% used [0x00000000d3860000, 0x00000000d3bc9f80, 0x00000000d3ca0000)
  to   space 4352K,   0% used [0x00000000d3420000, 0x00000000d3420000, 0x00000000d3860000)
 concurrent mark-sweep generation total 245268K, used 185207K [0x00000000e0c00000, 0x00000000efb85000, 0x0000000100000000)
 Metaspace       used 253890K, capacity 261008K, committed 263228K, reserved 1273856K
  class space    used 36955K, capacity 39150K, committed 39604K, reserved 1048576K
}
Event: 16120.958 GC heap before
{Heap before GC invocations=3111 (full 34):
 par new generation   total 39296K, used 38439K [0x00000000d1200000, 0x00000000d3ca0000, 0x00000000e0c00000)
  eden space 34944K, 100% used [0x00000000d1200000, 0x00000000d3420000, 0x00000000d3420000)
  from space 4352K,  80% used [0x00000000d3860000, 0x00000000d3bc9f80, 0x00000000d3ca0000)
  to   space 4352K,   0% used [0x00000000d3420000, 0x00000000d3420000, 0x00000000d3860000)
 concurrent mark-sweep generation total 245268K, used 185207K [0x00000000e0c00000, 0x00000000efb85000, 0x0000000100000000)
 Metaspace       used 253891K, capacity 261008K, committed 263228K, reserved 1273856K
  class space    used 36955K, capacity 39150K, committed 39604K, reserved 1048576K
Event: 16120.975 GC heap after
Heap after GC invocations=3112 (full 34):
 par new generation   total 39296K, used 2979K [0x00000000d1200000, 0x00000000d3ca0000, 0x00000000e0c00000)
  eden space 34944K,   0% used [0x00000000d1200000, 0x00000000d1200000, 0x00000000d3420000)
  from space 4352K,  68% used [0x00000000d3420000, 0x00000000d3708da0, 0x00000000d3860000)
  to   space 4352K,   0% used [0x00000000d3860000, 0x00000000d3860000, 0x00000000d3ca0000)
 concurrent mark-sweep generation total 245268K, used 185207K [0x00000000e0c00000, 0x00000000efb85000, 0x0000000100000000)
 Metaspace       used 253891K, capacity 261008K, committed 263228K, reserved 1273856K
  class space    used 36955K, capacity 39150K, committed 39604K, reserved 1048576K
}
Event: 16169.979 GC heap before
{Heap before GC invocations=3112 (full 34):
 par new generation   total 39296K, used 37902K [0x00000000d1200000, 0x00000000d3ca0000, 0x00000000e0c00000)
  eden space 34944K,  99% used [0x00000000d1200000, 0x00000000d341ab80, 0x00000000d3420000)
  from space 4352K,  68% used [0x00000000d3420000, 0x00000000d3708da0, 0x00000000d3860000)
  to   space 4352K,   0% used [0x00000000d3860000, 0x00000000d3860000, 0x00000000d3ca0000)
 concurrent mark-sweep generation total 245268K, used 185207K [0x00000000e0c00000, 0x00000000efb85000, 0x0000000100000000)
 Metaspace       used 253981K, capacity 261200K, committed 263228K, reserved 1273856K
  class space    used 36973K, capacity 39182K, committed 39604K, reserved 1048576K
Event: 16169.990 GC heap after
Heap after GC invocations=3113 (full 34):
 par new generation   total 39296K, used 3372K [0x00000000d1200000, 0x00000000d3ca0000, 0x00000000e0c00000)
  eden space 34944K,   0% used [0x00000000d1200000, 0x00000000d1200000, 0x00000000d3420000)
  from space 4352K,  77% used [0x00000000d3860000, 0x00000000d3bab208, 0x00000000d3ca0000)
  to   space 4352K,   0% used [0x00000000d3420000, 0x00000000d3420000, 0x00000000d3860000)
 concurrent mark-sweep generation total 245268K, used 185207K [0x00000000e0c00000, 0x00000000efb85000, 0x0000000100000000)
 Metaspace       used 253981K, capacity 261200K, committed 263228K, reserved 1273856K
  class space    used 36973K, capacity 39182K, committed 39604K, reserved 1048576K
}
Event: 16177.399 GC heap before
{Heap before GC invocations=3113 (full 34):
 par new generation   total 39296K, used 38316K [0x00000000d1200000, 0x00000000d3ca0000, 0x00000000e0c00000)
  eden space 34944K, 100% used [0x00000000d1200000, 0x00000000d3420000, 0x00000000d3420000)
  from space 4352K,  77% used [0x00000000d3860000, 0x00000000d3bab208, 0x00000000d3ca0000)
  to   space 4352K,   0% used [0x00000000d3420000, 0x00000000d3420000, 0x00000000d3860000)
 concurrent mark-sweep generation total 245268K, used 185207K [0x00000000e0c00000, 0x00000000efb85000, 0x0000000100000000)
 Metaspace       used 254306K, capacity 261890K, committed 263228K, reserved 1273856K
  class space    used 37035K, capacity 39297K, committed 39604K, reserved 1048576K
Event: 16177.406 GC heap after
Heap after GC invocations=3114 (full 34):
 par new generation   total 39296K, used 2074K [0x00000000d1200000, 0x00000000d3ca0000, 0x00000000e0c00000)
  eden space 34944K,   0% used [0x00000000d1200000, 0x00000000d1200000, 0x00000000d3420000)
  from space 4352K,  47% used [0x00000000d3420000, 0x00000000d3626a18, 0x00000000d3860000)
  to   space 4352K,   0% used [0x00000000d3860000, 0x00000000d3860000, 0x00000000d3ca0000)
 concurrent mark-sweep generation total 245268K, used 185207K [0x00000000e0c00000, 0x00000000efb85000, 0x0000000100000000)
 Metaspace       used 254306K, capacity 261890K, committed 263228K, reserved 1273856K
  class space    used 37035K, capacity 39297K, committed 39604K, reserved 1048576K
}
Event: 16178.351 GC heap before
{Heap before GC invocations=3114 (full 34):
 par new generation   total 39296K, used 37018K [0x00000000d1200000, 0x00000000d3ca0000, 0x00000000e0c00000)
  eden space 34944K, 100% used [0x00000000d1200000, 0x00000000d3420000, 0x00000000d3420000)
  from space 4352K,  47% used [0x00000000d3420000, 0x00000000d3626a18, 0x00000000d3860000)
  to   space 4352K,   0% used [0x00000000d3860000, 0x00000000d3860000, 0x00000000d3ca0000)
 concurrent mark-sweep generation total 245268K, used 185207K [0x00000000e0c00000, 0x00000000efb85000, 0x0000000100000000)
 Metaspace       used 254330K, capacity 261972K, committed 263484K, reserved 1273856K
  class space    used 37038K, capacity 39300K, committed 39604K, reserved 1048576K
Event: 16178.364 GC heap after
Heap after GC invocations=3115 (full 34):
 par new generation   total 39296K, used 4352K [0x00000000d1200000, 0x00000000d3ca0000, 0x00000000e0c00000)
  eden space 34944K,   0% used [0x00000000d1200000, 0x00000000d1200000, 0x00000000d3420000)
  from space 4352K, 100% used [0x00000000d3860000, 0x00000000d3ca0000, 0x00000000d3ca0000)
  to   space 4352K,   0% used [0x00000000d3420000, 0x00000000d3420000, 0x00000000d3860000)
 concurrent mark-sweep generation total 245268K, used 185667K [0x00000000e0c00000, 0x00000000efb85000, 0x0000000100000000)
 Metaspace       used 254330K, capacity 261972K, committed 263484K, reserved 1273856K
  class space    used 37038K, capacity 39300K, committed 39604K, reserved 1048576K
}

